<?xml version="1.0" encoding="UTF-8"?>
<!-- Generated by org.testng.reporters.JUnitXMLReporter -->
<testsuite ignored="0" hostname="LAPTOP-9V20HKV3" failures="0" tests="2" name="EdgeTest" time="2.187" errors="0" timestamp="2023-10-12T10:55:38 IST">
  <testcase classname="TestNGClasses.VerifyLoginPage" name="@BeforeTest launchBrowser" time="2.147">
    <failure type="org.openqa.selenium.remote.http.ConnectionFailedException" message="Unable to establish websocket connection to http://localhost:59999/devtools/browser/a0794ae8-7d41-4983-b687-c11925a05760
Build info: version: &amp;apos;4.8.0&amp;apos;, revision: &amp;apos;267030adea&amp;apos;
System info: os.name: &amp;apos;Windows 10&amp;apos;, os.arch: &amp;apos;amd64&amp;apos;, os.version: &amp;apos;10.0&amp;apos;, java.version: &amp;apos;15.0.2&amp;apos;
Driver info: driver.version: EdgeDriver">
      <![CDATA[org.openqa.selenium.remote.http.ConnectionFailedException: Unable to establish websocket connection to http://localhost:59999/devtools/browser/a0794ae8-7d41-4983-b687-c11925a05760
Build info: version: '4.8.0', revision: '267030adea'
System info: os.name: 'Windows 10', os.arch: 'amd64', os.version: '10.0', java.version: '15.0.2'
Driver info: driver.version: EdgeDriver
at org.openqa.selenium.remote.http.netty.NettyWebSocket.<init>(NettyWebSocket.java:102)
at org.openqa.selenium.remote.http.netty.NettyWebSocket.lambda$create$3(NettyWebSocket.java:128)
at org.openqa.selenium.remote.http.netty.NettyClient.openSocket(NettyClient.java:107)
at org.openqa.selenium.devtools.Connection.<init>(Connection.java:78)
at org.openqa.selenium.chromium.ChromiumDriver.lambda$new$2(ChromiumDriver.java:116)
at java.base/java.util.Optional.map(Optional.java:258)
at org.openqa.selenium.chromium.ChromiumDriver.<init>(ChromiumDriver.java:114)
at org.openqa.selenium.edge.EdgeDriver.<init>(EdgeDriver.java:54)
at org.openqa.selenium.edge.EdgeDriver.<init>(EdgeDriver.java:46)
at org.openqa.selenium.edge.EdgeDriver.<init>(EdgeDriver.java:42)
at TestNGClasses.VerifyLoginPage.launchBrowser(VerifyLoginPage.java:45)
... Removed 24 stack frames]]>
    </failure>
  </testcase> <!-- @BeforeTest launchBrowser -->
  <testcase classname="TestNGClasses.VerifyLoginPage" name="@BeforeMethod openLoginPage" time="-1.697088338607E9">
    <skipped/>
  </testcase> <!-- @BeforeMethod openLoginPage -->
  <testcase classname="TestNGClasses.VerifyLoginPage" name="@AfterMethod refreshPage" time="-1.697088338617E9">
    <skipped/>
  </testcase> <!-- @AfterMethod refreshPage -->
  <testcase classname="TestNGClasses.VerifyLoginPage" name="@BeforeMethod openLoginPage" time="-1.697088338619E9">
    <skipped/>
  </testcase> <!-- @BeforeMethod openLoginPage -->
  <testcase classname="TestNGClasses.VerifyLoginPage" name="@AfterMethod refreshPage" time="-1.697088338627E9">
    <skipped/>
  </testcase> <!-- @AfterMethod refreshPage -->
  <testcase classname="TestNGClasses.VerifyLoginPage" name="@AfterTest closeBrowser" time="-1.69708833863E9">
    <skipped/>
  </testcase> <!-- @AfterTest closeBrowser -->
  <testcase classname="TestNGClasses.VerifyLoginPage" name="toVerifyForgetPasswordPage" time="0.0">
    <skipped/>
  </testcase> <!-- toVerifyForgetPasswordPage -->
  <testcase classname="TestNGClasses.VerifyLoginPage" name="toVerifySignUpPage" time="0.0">
    <skipped/>
  </testcase> <!-- toVerifySignUpPage -->
</testsuite> <!-- EdgeTest -->
