<?xml version="1.0" encoding="UTF-8"?>
<!-- Generated by org.testng.reporters.JUnitXMLReporter -->
<testsuite ignored="0" hostname="LAPTOP-9V20HKV3" failures="0" tests="3" name="FirefoxTest" time="16.313" errors="0" timestamp="2023-10-12T22:26:02 IST">
  <testcase classname="TestNGClasses.VerifyLoginPage" name="@BeforeTest launchBrowser" time="8.47">
    <failure type="org.openqa.selenium.SessionNotCreatedException" message="Could not start a new session. Response code 500. Message: Failed to decode response from marionette 
Host info: host: &amp;apos;LAPTOP-9V20HKV3&amp;apos;, ip: &amp;apos;192.168.157.250&amp;apos;
Build info: version: &amp;apos;4.8.0&amp;apos;, revision: &amp;apos;267030adea&amp;apos;
System info: os.name: &amp;apos;Windows 10&amp;apos;, os.arch: &amp;apos;amd64&amp;apos;, os.version: &amp;apos;10.0&amp;apos;, java.version: &amp;apos;15.0.2&amp;apos;
Driver info: org.openqa.selenium.firefox.FirefoxDriver
Command: [null, newSession {capabilities=[Capabilities {acceptInsecureCerts: true, browserName: firefox, moz:debuggerAddress: true, moz:firefoxOptions: {}}], desiredCapabilities=Capabilities {acceptInsecureCerts: true, browserName: firefox, moz:debuggerAddress: true, moz:firefoxOptions: {}}}]">
      <![CDATA[org.openqa.selenium.SessionNotCreatedException: Could not start a new session. Response code 500. Message: Failed to decode response from marionette 
Host info: host: 'LAPTOP-9V20HKV3', ip: '192.168.157.250'
Build info: version: '4.8.0', revision: '267030adea'
System info: os.name: 'Windows 10', os.arch: 'amd64', os.version: '10.0', java.version: '15.0.2'
Driver info: org.openqa.selenium.firefox.FirefoxDriver
Command: [null, newSession {capabilities=[Capabilities {acceptInsecureCerts: true, browserName: firefox, moz:debuggerAddress: true, moz:firefoxOptions: {}}], desiredCapabilities=Capabilities {acceptInsecureCerts: true, browserName: firefox, moz:debuggerAddress: true, moz:firefoxOptions: {}}}]
at org.openqa.selenium.remote.ProtocolHandshake.createSession(ProtocolHandshake.java:148)
at org.openqa.selenium.remote.ProtocolHandshake.createSession(ProtocolHandshake.java:106)
at org.openqa.selenium.remote.ProtocolHandshake.createSession(ProtocolHandshake.java:67)
at org.openqa.selenium.remote.HttpCommandExecutor.execute(HttpCommandExecutor.java:156)
at org.openqa.selenium.remote.service.DriverCommandExecutor.invokeExecute(DriverCommandExecutor.java:167)
at org.openqa.selenium.remote.service.DriverCommandExecutor.execute(DriverCommandExecutor.java:142)
at org.openqa.selenium.remote.RemoteWebDriver.execute(RemoteWebDriver.java:543)
at org.openqa.selenium.remote.RemoteWebDriver.startSession(RemoteWebDriver.java:229)
at org.openqa.selenium.remote.RemoteWebDriver.<init>(RemoteWebDriver.java:157)
at org.openqa.selenium.firefox.FirefoxDriver.<init>(FirefoxDriver.java:130)
at org.openqa.selenium.firefox.FirefoxDriver.<init>(FirefoxDriver.java:111)
at org.openqa.selenium.firefox.FirefoxDriver.<init>(FirefoxDriver.java:101)
at TestNGClasses.VerifyLoginPage.launchBrowser(VerifyLoginPage.java:48)
... Removed 24 stack frames]]>
    </failure>
  </testcase> <!-- @BeforeTest launchBrowser -->
  <testcase classname="TestNGClasses.VerifyLoginPage" name="@BeforeClass creatingPOMObject" time="-1.697129762147E9">
    <skipped/>
  </testcase> <!-- @BeforeClass creatingPOMObject -->
  <testcase classname="TestNGClasses.VerifyHomePage" name="@BeforeClass creatingPOMObject" time="-1.697129762147E9">
    <skipped/>
  </testcase> <!-- @BeforeClass creatingPOMObject -->
  <testcase classname="TestNGClasses.VerifyLoginPage" name="@BeforeMethod openLoginPage" time="-1.697129762154E9">
    <skipped/>
  </testcase> <!-- @BeforeMethod openLoginPage -->
  <testcase classname="TestNGClasses.VerifyHomePage" name="@BeforeMethod openProfilePage" time="-1.697129762155E9">
    <skipped/>
  </testcase> <!-- @BeforeMethod openProfilePage -->
  <testcase classname="TestNGClasses.VerifyHomePage" name="@AfterMethod logOutFromApplication" time="-1.697129762167E9">
    <skipped/>
  </testcase> <!-- @AfterMethod logOutFromApplication -->
  <testcase classname="TestNGClasses.VerifyLoginPage" name="@AfterMethod refreshPage" time="-1.697129762168E9">
    <skipped/>
  </testcase> <!-- @AfterMethod refreshPage -->
  <testcase classname="TestNGClasses.VerifyHomePage" name="@AfterClass clearObject" time="-1.69712976217E9">
    <skipped/>
  </testcase> <!-- @AfterClass clearObject -->
  <testcase classname="TestNGClasses.VerifyLoginPage" name="@BeforeMethod openLoginPage" time="-1.697129762177E9">
    <skipped/>
  </testcase> <!-- @BeforeMethod openLoginPage -->
  <testcase classname="TestNGClasses.VerifyLoginPage" name="@AfterMethod refreshPage" time="-1.697129762188E9">
    <skipped/>
  </testcase> <!-- @AfterMethod refreshPage -->
  <testcase classname="TestNGClasses.VerifyLoginPage" name="@AfterClass clearObject" time="-1.697129762191E9">
    <skipped/>
  </testcase> <!-- @AfterClass clearObject -->
  <testcase classname="TestNGClasses.VerifyHomePage" name="@AfterTest closeBrowser" time="-1.697129762196E9">
    <skipped/>
  </testcase> <!-- @AfterTest closeBrowser -->
  <testcase classname="TestNGClasses.VerifyLoginPage" name="@AfterTest closeBrowser" time="-1.697129762199E9">
    <skipped/>
  </testcase> <!-- @AfterTest closeBrowser -->
  <testcase classname="TestNGClasses.VerifyLoginPage" name="toVerifyForgetPasswordPage" time="0.0">
    <skipped/>
  </testcase> <!-- toVerifyForgetPasswordPage -->
  <testcase classname="TestNGClasses.VerifyHomePage" name="toVerifyProfilePhotoPage" time="0.0">
    <skipped/>
  </testcase> <!-- toVerifyProfilePhotoPage -->
  <testcase classname="TestNGClasses.VerifyLoginPage" name="toVerifySignUpPage" time="0.0">
    <skipped/>
  </testcase> <!-- toVerifySignUpPage -->
</testsuite> <!-- FirefoxTest -->
