<?xml version="1.0" encoding="UTF-8"?>
<!-- Generated by org.testng.reporters.JUnitXMLReporter -->
<testsuite ignored="0" hostname="LAPTOP-9V20HKV3" failures="0" tests="2" name="Default test" time="0.093" errors="0" timestamp="2023-10-12T16:13:09 IST">
  <testcase classname="TestNGClasses.VerifyLoginPage" name="@BeforeTest launchBrowser" time="-1.697107389346E9">
    <failure type="org.testng.TestNGException" message="
Parameter &amp;apos;browser&amp;apos; is required by BeforeTest on method launchBrowser but has not been marked @Optional or defined
in C:\Users\bhoit\AppData\Local\Temp\testng-eclipse-1496320674\testng-customsuite.xml">
      <![CDATA[org.testng.TestNGException: 
Parameter 'browser' is required by BeforeTest on method launchBrowser but has not been marked @Optional or defined
in C:\Users\bhoit\AppData\Local\Temp\testng-eclipse-1496320674\testng-customsuite.xml
at org.testng.internal.Parameters.createParams(Parameters.java:270)
at org.testng.internal.Parameters.createParametersForMethod(Parameters.java:358)
at org.testng.internal.Parameters.createParameters(Parameters.java:700)
at org.testng.internal.Parameters.createConfigurationParameters(Parameters.java:168)
at org.testng.internal.ConfigInvoker.invokeConfigurations(ConfigInvoker.java:302)
at org.testng.TestRunner.invokeTestConfigurations(TestRunner.java:637)
at org.testng.TestRunner.beforeRun(TestRunner.java:627)
at org.testng.TestRunner.run(TestRunner.java:589)
at org.testng.SuiteRunner.runTest(SuiteRunner.java:377)
at org.testng.SuiteRunner.runSequentially(SuiteRunner.java:371)
at org.testng.SuiteRunner.privateRun(SuiteRunner.java:332)
at org.testng.SuiteRunner.run(SuiteRunner.java:276)
at org.testng.SuiteRunnerWorker.runSuite(SuiteRunnerWorker.java:53)
at org.testng.SuiteRunnerWorker.run(SuiteRunnerWorker.java:96)
at org.testng.TestNG.runSuitesSequentially(TestNG.java:1212)
at org.testng.TestNG.runSuitesLocally(TestNG.java:1134)
at org.testng.TestNG.runSuites(TestNG.java:1063)
at org.testng.TestNG.run(TestNG.java:1031)
at org.testng.remote.AbstractRemoteTestNG.run(AbstractRemoteTestNG.java:115)
at org.testng.remote.RemoteTestNG.initAndRun(RemoteTestNG.java:251)
at org.testng.remote.RemoteTestNG.main(RemoteTestNG.java:77)
]]>
    </failure>
  </testcase> <!-- @BeforeTest launchBrowser -->
  <testcase classname="TestNGClasses.VerifyLoginPage" name="@BeforeClass creatingPOMObject" time="-1.697107389382E9">
    <skipped/>
  </testcase> <!-- @BeforeClass creatingPOMObject -->
  <testcase classname="TestNGClasses.VerifyLoginPage" name="@BeforeMethod openLoginPage" time="-1.697107389406E9">
    <skipped/>
  </testcase> <!-- @BeforeMethod openLoginPage -->
  <testcase classname="TestNGClasses.VerifyLoginPage" name="@AfterMethod refreshPage" time="-1.697107389417E9">
    <skipped/>
  </testcase> <!-- @AfterMethod refreshPage -->
  <testcase classname="TestNGClasses.VerifyLoginPage" name="@BeforeMethod openLoginPage" time="-1.69710738942E9">
    <skipped/>
  </testcase> <!-- @BeforeMethod openLoginPage -->
  <testcase classname="TestNGClasses.VerifyLoginPage" name="@AfterMethod refreshPage" time="-1.697107389425E9">
    <skipped/>
  </testcase> <!-- @AfterMethod refreshPage -->
  <testcase classname="TestNGClasses.VerifyLoginPage" name="@AfterClass clearObject" time="-1.697107389427E9">
    <skipped/>
  </testcase> <!-- @AfterClass clearObject -->
  <testcase classname="TestNGClasses.VerifyLoginPage" name="@AfterTest closeBrowser" time="-1.69710738943E9">
    <skipped/>
  </testcase> <!-- @AfterTest closeBrowser -->
  <testcase classname="TestNGClasses.VerifyLoginPage" name="toVerifyForgetPasswordPage" time="0.0">
    <skipped/>
  </testcase> <!-- toVerifyForgetPasswordPage -->
  <testcase classname="TestNGClasses.VerifyLoginPage" name="toVerifySignUpPage" time="0.0">
    <skipped/>
  </testcase> <!-- toVerifySignUpPage -->
</testsuite> <!-- Default test -->
